[debug] [2021-04-15T01:12:45.759Z] ----------------------------------------------------------------------
[debug] [2021-04-15T01:12:45.762Z] Command:       C:\Program Files\nodejs\node.exe C:\Users\Pedro\AppData\Roaming\npm\node_modules\firebase-tools\lib\bin\firebase.js init
[debug] [2021-04-15T01:12:45.762Z] CLI Version:   9.10.0
[debug] [2021-04-15T01:12:45.763Z] Platform:      win32
[debug] [2021-04-15T01:12:45.763Z] Node Version:  v14.15.2
[debug] [2021-04-15T01:12:45.764Z] Time:          Wed Apr 14 2021 22:12:45 GMT-0300 (Horário Padrão de Brasília)
[debug] [2021-04-15T01:12:45.764Z] ----------------------------------------------------------------------
[debug] 
[debug] [2021-04-15T01:12:45.767Z] >>> [apiv2][query] GET https://firebase-public.firebaseio.com/cli.json [none]
[debug] [2021-04-15T01:12:45.800Z] > command requires scopes: ["email","openid","https://www.googleapis.com/auth/cloudplatformprojects.readonly","https://www.googleapis.com/auth/firebase","https://www.googleapis.com/auth/cloud-platform"]
[debug] [2021-04-15T01:12:45.800Z] > authorizing via signed-in user (pedroparimoski@gmail.com)
[info] 
     ######## #### ########  ######## ########     ###     ######  ########
     ##        ##  ##     ## ##       ##     ##  ##   ##  ##       ##
     ######    ##  ########  ######   ########  #########  ######  ######
     ##        ##  ##    ##  ##       ##     ## ##     ##       ## ##
     ##       #### ##     ## ######## ########  ##     ##  ######  ########

You're about to initialize a Firebase project in this directory:

  D:\hcode-lab\02js\Fase 7  - Individual\UNITABA

[debug] [2021-04-15T01:12:46.445Z] <<< [apiv2][status] GET https://firebase-public.firebaseio.com/cli.json 200
[debug] [2021-04-15T01:12:46.445Z] <<< [apiv2][body] GET https://firebase-public.firebaseio.com/cli.json {"cloudBuildErrorAfter":1594252800000,"cloudBuildWarnAfter":1590019200000,"defaultNode10After":1594252800000,"minVersion":"3.0.5","node8DeploysDisabledAfter":1613390400000,"node8RuntimeDisabledAfter":1615809600000,"node8WarnAfter":1600128000000}
[info] 
=== Project Setup
[info] 
[info] First, let's associate this project directory with a Firebase project.
[info] You can create multiple project aliases by running firebase use --add, 
[info] but for now we'll just set up a default project.
[info] 
[debug] [2021-04-15T01:13:57.806Z] > refreshing access token with scopes: []
[debug] [2021-04-15T01:13:57.807Z] >>> HTTP REQUEST POST https://www.googleapis.com/oauth2/v3/token  
 <request body omitted>
[debug] [2021-04-15T01:13:57.981Z] <<< HTTP RESPONSE 200 {"date":"Thu, 15 Apr 2021 01:13:57 GMT","expires":"Mon, 01 Jan 1990 00:00:00 GMT","pragma":"no-cache","cache-control":"no-cache, no-store, max-age=0, must-revalidate","content-type":"application/json; charset=utf-8","vary":"X-Origin, Referer, Origin,Accept-Encoding","server":"scaffolding on HTTPServer2","x-xss-protection":"0","x-frame-options":"SAMEORIGIN","x-content-type-options":"nosniff","alt-svc":"h3-29=\":443\"; ma=2592000,h3-T051=\":443\"; ma=2592000,h3-Q050=\":443\"; ma=2592000,h3-Q046=\":443\"; ma=2592000,h3-Q043=\":443\"; ma=2592000,quic=\":443\"; ma=2592000; v=\"46,43\"","accept-ranges":"none","transfer-encoding":"chunked"}
[debug] [2021-04-15T01:13:58.002Z] >>> [apiv2][query] GET https://firebase.googleapis.com/v1beta1/projects pageSize=100
[debug] [2021-04-15T01:13:59.193Z] <<< [apiv2][status] GET https://firebase.googleapis.com/v1beta1/projects 200
[debug] [2021-04-15T01:13:59.193Z] <<< [apiv2][body] GET https://firebase.googleapis.com/v1beta1/projects [omitted]
[info] i  Using project unitaba-92eac (UNITABA) 
[info] 
=== Hosting Setup
[info] 
[info] Your public directory is the folder (relative to your project directory) that
[info] will contain Hosting assets to be uploaded with firebase deploy. If you
[info] have a build process for your assets, use your build's output directory.
[info] 
[info] +  Wrote public/404.html 
[debug] [2021-04-15T01:16:05.946Z] >>> [apiv2][query] GET https://www.gstatic.com/firebasejs/releases.json [none]
[debug] [2021-04-15T01:16:06.086Z] <<< [apiv2][status] GET https://www.gstatic.com/firebasejs/releases.json 200
[debug] [2021-04-15T01:16:06.087Z] <<< [apiv2][body] GET https://www.gstatic.com/firebasejs/releases.json {"current":{"version":"8.4.1","browserURL":"https://www.gstatic.com/firebasejs/8.4.1/firebase.js","packageURL":"https://www.gstatic.com/firebasejs/8.4.1/firebase.tgz"},"live":{"version":"8.4","browserURL":"https://www.gstatic.com/firebasejs/live/8.4/firebase.js","packageURL":"https://www.gstatic.com/firebasejs/live/8.4/firebase.tgz"},"components":{"analytics":"https://www.gstatic.com/firebasejs/8.4.1/firebase-analytics.js","app":"https://www.gstatic.com/firebasejs/8.4.1/firebase-app.js","auth":"https://www.gstatic.com/firebasejs/8.4.1/firebase-auth.js","database":"https://www.gstatic.com/firebasejs/8.4.1/firebase-database.js","firestore":"https://www.gstatic.com/firebasejs/8.4.1/firebase-firestore.js","functions":"https://www.gstatic.com/firebasejs/8.4.1/firebase-functions.js","installations":"https://www.gstatic.com/firebasejs/8.4.1/firebase-installations.js","messaging":"https://www.gstatic.com/firebasejs/8.4.1/firebase-messaging.js","storage":"https://www.gstatic.com/firebasejs/8.4.1/firebase-storage.js","performance":"https://www.gstatic.com/firebasejs/8.4.1/firebase-performance.js","remote-config":"https://www.gstatic.com/firebasejs/8.4.1/firebase-remote-config.js","firestore.memory":"https://www.gstatic.com/firebasejs/8.4.1/firebase-firestore.memory.js"}}
[info] i  Skipping write of public/index.html 
[info] 
[info] i  Detected a .git folder at D:\hcode-lab\02js\Fase 7  - Individual\UNITABA 
[info] i  Authorizing with GitHub to upload your service account to a GitHub repository's secrets store. 
[info] 
[info] Visit this URL on this device to log in:
[info] https://github.com/login/oauth/authorize?client_id=89cf50f02ac6aaed3484&state=425774268&redirect_uri=http%3A%2F%2Flocalhost%3A9005&scope=read%3Auser%20repo%20public_repo
[info] 
[info] Waiting for authentication...
[debug] [2021-04-15T01:16:36.665Z] >>> HTTP REQUEST POST https://github.com/login/oauth/access_token  
 {"client_id":"89cf50f02ac6aaed3484","client_secret":"3330d14abc895d9a74d5f17cd7a00711fa2c5bf0","code":"87a2da15bdc28d23ef40","redirect_uri":"http://localhost:9005","state":"425774268"}
[debug] [2021-04-15T01:16:37.158Z] <<< HTTP RESPONSE 200 {"server":"GitHub.com","date":"Thu, 15 Apr 2021 01:16:36 GMT","content-type":"application/json; charset=utf-8","transfer-encoding":"chunked","vary":"X-PJAX, Accept-Encoding, Accept, X-Requested-With","etag":"W/\"e5e49b73d415e96162161a3576c47eaf\"","cache-control":"max-age=0, private, must-revalidate","strict-transport-security":"max-age=31536000; includeSubdomains; preload","x-frame-options":"deny","x-content-type-options":"nosniff","x-xss-protection":"0","referrer-policy":"origin-when-cross-origin, strict-origin-when-cross-origin","expect-ct":"max-age=2592000, report-uri=\"https://api.github.com/_private/browser/errors\"","content-security-policy":"default-src 'none'; base-uri 'self'; block-all-mixed-content; connect-src 'self' uploads.github.com www.githubstatus.com collector.githubapp.com api.github.com github-cloud.s3.amazonaws.com github-production-repository-file-5c1aeb.s3.amazonaws.com github-production-upload-manifest-file-7fdce7.s3.amazonaws.com github-production-user-asset-6210df.s3.amazonaws.com cdn.optimizely.com logx.optimizely.com/v1/events wss://alive.github.com; font-src github.githubassets.com; form-action 'self' github.com gist.github.com; frame-ancestors 'none'; frame-src render.githubusercontent.com; img-src 'self' data: github.githubassets.com identicons.github.com collector.githubapp.com github-cloud.s3.amazonaws.com secured-user-images.githubusercontent.com/ *.githubusercontent.com; manifest-src 'self'; media-src 'none'; script-src github.githubassets.com; style-src 'unsafe-inline' github.githubassets.com; worker-src github.com/socket-worker-3f088aa2.js gist.github.com/socket-worker-3f088aa2.js","x-github-request-id":"8079:41C0:11CD588:1EC8428:607793F4"}
[debug] [2021-04-15T01:16:37.163Z] >>> [apiv2][query] GET https://api.github.com/user [none]
[debug] [2021-04-15T01:16:37.994Z] <<< [apiv2][status] GET https://api.github.com/user 200
[debug] [2021-04-15T01:16:37.995Z] <<< [apiv2][body] GET https://api.github.com/user {"login":"PedroParimoski","id":71610563,"node_id":"MDQ6VXNlcjcxNjEwNTYz","avatar_url":"https://avatars.githubusercontent.com/u/71610563?v=4","gravatar_id":"","url":"https://api.github.com/users/PedroParimoski","html_url":"https://github.com/PedroParimoski","followers_url":"https://api.github.com/users/PedroParimoski/followers","following_url":"https://api.github.com/users/PedroParimoski/following{/other_user}","gists_url":"https://api.github.com/users/PedroParimoski/gists{/gist_id}","starred_url":"https://api.github.com/users/PedroParimoski/starred{/owner}{/repo}","subscriptions_url":"https://api.github.com/users/PedroParimoski/subscriptions","organizations_url":"https://api.github.com/users/PedroParimoski/orgs","repos_url":"https://api.github.com/users/PedroParimoski/repos","events_url":"https://api.github.com/users/PedroParimoski/events{/privacy}","received_events_url":"https://api.github.com/users/PedroParimoski/received_events","type":"User","site_admin":false,"name":null,"company":null,"blog":"","location":"Tabatinga -SP","email":null,"hireable":null,"bio":null,"twitter_username":null,"public_repos":3,"public_gists":0,"followers":4,"following":3,"created_at":"2020-09-20T20:56:30Z","updated_at":"2021-04-15T01:10:14Z","private_gists":0,"total_private_repos":0,"owned_private_repos":0,"disk_usage":22677,"collaborators":0,"two_factor_authentication":false,"plan":{"name":"free","space":976562499,"collaborators":0,"private_repos":10000}}
[info] 
[info] +  Success! Logged into GitHub as PedroParimoski 
[info] 
